<?xml version="1.0" encoding="UTF-8"?>
<testsuite xmlns:xsi="http://www.w3.org/2001/XMLSchema-instance" xsi:noNamespaceSchemaLocation="https://maven.apache.org/surefire/maven-surefire-plugin/xsd/surefire-test-report.xsd" name="com.example.LibraryTest" time="0" tests="5" errors="0" skipped="0" failures="0">
  <properties>
[...]
</properties>
  <testcase name="testGetBooks" classname="com.example.LibraryTest" time="0"/>
  <testcase name="testAddBook" classname="com.example.LibraryTest" time="0"/>
  <testcase name="testIsBookAvailable" classname="com.example.LibraryTest" time="0"/>
  <testcase name="testRemoveBook" classname="com.example.LibraryTest" time="0"/>
  <testcase name="testGetBooksImmutable" classname="com.example.LibraryTest" time="0"/>
</testsuite>